-------------------------------------------------------------------------------
Test set: edu.eci.dosw.tdd.library.LibraryTest
-------------------------------------------------------------------------------
Tests run: 6, Failures: 2, Errors: 2, Skipped: 0, Time elapsed: 0.052 s <<< FAILURE! -- in edu.eci.dosw.tdd.library.LibraryTest
edu.eci.dosw.tdd.library.LibraryTest.shouldSetReturnDateWhenLoanReturned -- Time elapsed: 0.018 s <<< ERROR!
java.lang.NullPointerException: Cannot invoke "edu.eci.dosw.tdd.library.loan.Loan.getReturnDate()" because "returned" is null
	at edu.eci.dosw.tdd.library.LibraryTest.shouldSetReturnDateWhenLoanReturned(LibraryTest.java:95)
	at java.base/java.lang.reflect.Method.invoke(Method.java:580)
	at java.base/java.util.ArrayList.forEach(ArrayList.java:1596)
	at java.base/java.util.ArrayList.forEach(ArrayList.java:1596)

edu.eci.dosw.tdd.library.LibraryTest.shouldChangeStatusWhenReturned -- Time elapsed: 0.005 s <<< ERROR!
java.lang.NullPointerException: Cannot invoke "edu.eci.dosw.tdd.library.loan.Loan.getStatus()" because "returned" is null
	at edu.eci.dosw.tdd.library.LibraryTest.shouldChangeStatusWhenReturned(LibraryTest.java:61)
	at java.base/java.lang.reflect.Method.invoke(Method.java:580)
	at java.base/java.util.ArrayList.forEach(ArrayList.java:1596)
	at java.base/java.util.ArrayList.forEach(ArrayList.java:1596)

edu.eci.dosw.tdd.library.LibraryTest.shouldAddMultipleCopies -- Time elapsed: 0.010 s <<< FAILURE!
org.opentest4j.AssertionFailedError: expected: <true> but was: <false>
	at org.junit.jupiter.api.AssertionFailureBuilder.build(AssertionFailureBuilder.java:151)
	at org.junit.jupiter.api.AssertionFailureBuilder.buildAndThrow(AssertionFailureBuilder.java:132)
	at org.junit.jupiter.api.AssertTrue.failNotTrue(AssertTrue.java:63)
	at org.junit.jupiter.api.AssertTrue.assertTrue(AssertTrue.java:36)
	at org.junit.jupiter.api.AssertTrue.assertTrue(AssertTrue.java:31)
	at org.junit.jupiter.api.Assertions.assertTrue(Assertions.java:183)
	at edu.eci.dosw.tdd.library.LibraryTest.shouldAddMultipleCopies(LibraryTest.java:26)
	at java.base/java.lang.reflect.Method.invoke(Method.java:580)
	at java.base/java.util.ArrayList.forEach(ArrayList.java:1596)
	at java.base/java.util.ArrayList.forEach(ArrayList.java:1596)

edu.eci.dosw.tdd.library.LibraryTest.shouldNotLoanUnavailableBook -- Time elapsed: 0.003 s <<< FAILURE!
org.opentest4j.AssertionFailedError: expected: not <null>
	at org.junit.jupiter.api.AssertionFailureBuilder.build(AssertionFailureBuilder.java:152)
	at org.junit.jupiter.api.AssertionFailureBuilder.buildAndThrow(AssertionFailureBuilder.java:132)
	at org.junit.jupiter.api.AssertNotNull.failNull(AssertNotNull.java:49)
	at org.junit.jupiter.api.AssertNotNull.assertNotNull(AssertNotNull.java:35)
	at org.junit.jupiter.api.AssertNotNull.assertNotNull(AssertNotNull.java:30)
	at org.junit.jupiter.api.Assertions.assertNotNull(Assertions.java:304)
	at edu.eci.dosw.tdd.library.LibraryTest.shouldNotLoanUnavailableBook(LibraryTest.java:41)
	at java.base/java.lang.reflect.Method.invoke(Method.java:580)
	at java.base/java.util.ArrayList.forEach(ArrayList.java:1596)
	at java.base/java.util.ArrayList.forEach(ArrayList.java:1596)

