<?xml version="1.0" encoding="UTF-8"?>
<testsuite xmlns:xsi="http://www.w3.org/2001/XMLSchema-instance" xsi:noNamespaceSchemaLocation="https://maven.apache.org/surefire/maven-surefire-plugin/xsd/surefire-test-report.xsd" version="3.0.1" name="edu.eci.dosw.tdd.library.LibraryTest" time="0.052" tests="6" errors="2" skipped="0" failures="2">
  <properties>
[...]
</properties>
  <testcase name="shouldSetReturnDateWhenLoanReturned" classname="edu.eci.dosw.tdd.library.LibraryTest" time="0.018">
    <error message="Cannot invoke &quot;edu.eci.dosw.tdd.library.loan.Loan.getReturnDate()&quot; because &quot;returned&quot; is null" type="java.lang.NullPointerException"><![CDATA[java.lang.NullPointerException: Cannot invoke "edu.eci.dosw.tdd.library.loan.Loan.getReturnDate()" because "returned" is null
	at edu.eci.dosw.tdd.library.LibraryTest.shouldSetReturnDateWhenLoanReturned(LibraryTest.java:95)
	at java.base/java.lang.reflect.Method.invoke(Method.java:580)
	at java.base/java.util.ArrayList.forEach(ArrayList.java:1596)
	at java.base/java.util.ArrayList.forEach(ArrayList.java:1596)
]]></error>
  </testcase>
  <testcase name="shouldChangeStatusWhenReturned" classname="edu.eci.dosw.tdd.library.LibraryTest" time="0.005">
    <error message="Cannot invoke &quot;edu.eci.dosw.tdd.library.loan.Loan.getStatus()&quot; because &quot;returned&quot; is null" type="java.lang.NullPointerException"><![CDATA[java.lang.NullPointerException: Cannot invoke "edu.eci.dosw.tdd.library.loan.Loan.getStatus()" because "returned" is null
	at edu.eci.dosw.tdd.library.LibraryTest.shouldChangeStatusWhenReturned(LibraryTest.java:61)
	at java.base/java.lang.reflect.Method.invoke(Method.java:580)
	at java.base/java.util.ArrayList.forEach(ArrayList.java:1596)
	at java.base/java.util.ArrayList.forEach(ArrayList.java:1596)
]]></error>
  </testcase>
  <testcase name="shouldNotLoanSameBookTwiceToSameUser" classname="edu.eci.dosw.tdd.library.LibraryTest" time="0.001"/>
  <testcase name="shouldNotAddNullBook" classname="edu.eci.dosw.tdd.library.LibraryTest" time="0.002"/>
  <testcase name="shouldAddMultipleCopies" classname="edu.eci.dosw.tdd.library.LibraryTest" time="0.01">
    <failure message="expected: &lt;true&gt; but was: &lt;false&gt;" type="org.opentest4j.AssertionFailedError"><![CDATA[org.opentest4j.AssertionFailedError: expected: <true> but was: <false>
	at org.junit.jupiter.api.AssertionFailureBuilder.build(AssertionFailureBuilder.java:151)
	at org.junit.jupiter.api.AssertionFailureBuilder.buildAndThrow(AssertionFailureBuilder.java:132)
	at org.junit.jupiter.api.AssertTrue.failNotTrue(AssertTrue.java:63)
	at org.junit.jupiter.api.AssertTrue.assertTrue(AssertTrue.java:36)
	at org.junit.jupiter.api.AssertTrue.assertTrue(AssertTrue.java:31)
	at org.junit.jupiter.api.Assertions.assertTrue(Assertions.java:183)
	at edu.eci.dosw.tdd.library.LibraryTest.shouldAddMultipleCopies(LibraryTest.java:26)
	at java.base/java.lang.reflect.Method.invoke(Method.java:580)
	at java.base/java.util.ArrayList.forEach(ArrayList.java:1596)
	at java.base/java.util.ArrayList.forEach(ArrayList.java:1596)
]]></failure>
  </testcase>
  <testcase name="shouldNotLoanUnavailableBook" classname="edu.eci.dosw.tdd.library.LibraryTest" time="0.003">
    <failure message="expected: not &lt;null&gt;" type="org.opentest4j.AssertionFailedError"><![CDATA[org.opentest4j.AssertionFailedError: expected: not <null>
	at org.junit.jupiter.api.AssertionFailureBuilder.build(AssertionFailureBuilder.java:152)
	at org.junit.jupiter.api.AssertionFailureBuilder.buildAndThrow(AssertionFailureBuilder.java:132)
	at org.junit.jupiter.api.AssertNotNull.failNull(AssertNotNull.java:49)
	at org.junit.jupiter.api.AssertNotNull.assertNotNull(AssertNotNull.java:35)
	at org.junit.jupiter.api.AssertNotNull.assertNotNull(AssertNotNull.java:30)
	at org.junit.jupiter.api.Assertions.assertNotNull(Assertions.java:304)
	at edu.eci.dosw.tdd.library.LibraryTest.shouldNotLoanUnavailableBook(LibraryTest.java:41)
	at java.base/java.lang.reflect.Method.invoke(Method.java:580)
	at java.base/java.util.ArrayList.forEach(ArrayList.java:1596)
	at java.base/java.util.ArrayList.forEach(ArrayList.java:1596)
]]></failure>
  </testcase>
</testsuite>